<?xml version="1.0" encoding="UTF-8"?>
<!-- Generated by org.testng.reporters.JUnitReportReporter -->
<testsuite hostname="gkillare-win87" failures="0" tests="37" name="testcases.TC_WarDeployment" time="3.365" errors="1" timestamp="2024-05-17T14:41:13 IST" skipped="35">
  <testcase classname="testcases.TC_WarDeployment" name="afterTransactionsOparations" time="2.021">
    <error message="Cannot invoke &quot;org.apache.poi.ss.usermodel.Workbook.write(java.io.OutputStream)&quot; because &quot;this.workbook&quot; is null" type="java.lang.NullPointerException">
      <![CDATA[java.lang.NullPointerException: Cannot invoke "org.apache.poi.ss.usermodel.Workbook.write(java.io.OutputStream)" because "this.workbook" is null
at utilities.P_XL_Utility.saveExcelFile(P_XL_Utility.java:51)
at testcases.TC_WarDeployment.afterTransactionsOparations(TC_WarDeployment.java:134)
at java.base/jdk.internal.reflect.NativeMethodAccessorImpl.invoke0(Native Method)
at java.base/jdk.internal.reflect.NativeMethodAccessorImpl.invoke(NativeMethodAccessorImpl.java:77)
at java.base/jdk.internal.reflect.DelegatingMethodAccessorImpl.invoke(DelegatingMethodAccessorImpl.java:43)
at java.base/java.lang.reflect.Method.invoke(Method.java:568)
at org.testng.internal.invokers.MethodInvocationHelper.invokeMethod(MethodInvocationHelper.java:139)
at org.testng.internal.invokers.MethodInvocationHelper.invokeMethodConsideringTimeout(MethodInvocationHelper.java:69)
at org.testng.internal.invokers.ConfigInvoker.invokeConfigurationMethod(ConfigInvoker.java:393)
at org.testng.internal.invokers.ConfigInvoker.invokeConfigurations(ConfigInvoker.java:326)
at org.testng.internal.invokers.TestInvoker.runConfigMethods(TestInvoker.java:810)
at org.testng.internal.invokers.TestInvoker.runAfterConfigurations(TestInvoker.java:779)
at org.testng.internal.invokers.TestInvoker.invokeMethod(TestInvoker.java:755)
at org.testng.internal.invokers.TestInvoker.invokeTestMethod(TestInvoker.java:228)
at org.testng.internal.invokers.MethodRunner.runInSequence(MethodRunner.java:63)
at org.testng.internal.invokers.TestInvoker$MethodInvocationAgent.invoke(TestInvoker.java:961)
at org.testng.internal.invokers.TestInvoker.invokeTestMethods(TestInvoker.java:201)
at org.testng.internal.invokers.TestMethodWorker.invokeTestMethods(TestMethodWorker.java:148)
at org.testng.internal.invokers.TestMethodWorker.run(TestMethodWorker.java:128)
at java.base/java.util.ArrayList.forEach(ArrayList.java:1511)
at org.testng.TestRunner.privateRun(TestRunner.java:819)
at org.testng.TestRunner.run(TestRunner.java:619)
at org.testng.SuiteRunner.runTest(SuiteRunner.java:443)
at org.testng.SuiteRunner.runSequentially(SuiteRunner.java:437)
at org.testng.SuiteRunner.privateRun(SuiteRunner.java:397)
at org.testng.SuiteRunner.run(SuiteRunner.java:336)
at org.testng.SuiteRunnerWorker.runSuite(SuiteRunnerWorker.java:52)
at org.testng.SuiteRunnerWorker.run(SuiteRunnerWorker.java:95)
at org.testng.TestNG.runSuitesSequentially(TestNG.java:1301)
at org.testng.TestNG.runSuitesLocally(TestNG.java:1228)
at org.testng.TestNG.runSuites(TestNG.java:1134)
at org.testng.TestNG.run(TestNG.java:1101)
at org.testng.remote.AbstractRemoteTestNG.run(AbstractRemoteTestNG.java:115)
at org.testng.remote.RemoteTestNG.initAndRun(RemoteTestNG.java:251)
at org.testng.remote.RemoteTestNG.main(RemoteTestNG.java:77)
]]>
    </error>
  </testcase> <!-- afterTransactionsOparations -->
  <testcase classname="testcases.TC_WarDeployment" name="testSale" time="0.000">
    <skipped/>
  </testcase> <!-- testSale -->
  <testcase classname="testcases.TC_WarDeployment" name="testSale" time="0.000">
    <skipped/>
  </testcase> <!-- testSale -->
  <testcase classname="testcases.TC_WarDeployment" name="testSale" time="0.000">
    <skipped/>
  </testcase> <!-- testSale -->
  <testcase classname="testcases.TC_WarDeployment" name="testSale" time="0.000">
    <skipped/>
  </testcase> <!-- testSale -->
  <testcase classname="testcases.TC_WarDeployment" name="testSale" time="0.000">
    <skipped/>
  </testcase> <!-- testSale -->
  <testcase classname="testcases.TC_WarDeployment" name="testSale" time="0.000">
    <skipped/>
  </testcase> <!-- testSale -->
  <testcase classname="testcases.TC_WarDeployment" name="testSale" time="0.000">
    <skipped/>
  </testcase> <!-- testSale -->
  <testcase classname="testcases.TC_WarDeployment" name="testSale" time="0.000">
    <skipped/>
  </testcase> <!-- testSale -->
  <testcase classname="testcases.TC_WarDeployment" name="testSale" time="0.000">
    <skipped/>
  </testcase> <!-- testSale -->
  <testcase classname="testcases.TC_WarDeployment" name="testSale" time="0.000">
    <skipped/>
  </testcase> <!-- testSale -->
  <testcase classname="testcases.TC_WarDeployment" name="testSale" time="0.000">
    <skipped/>
  </testcase> <!-- testSale -->
  <testcase classname="testcases.TC_WarDeployment" name="testSale" time="0.000">
    <skipped/>
  </testcase> <!-- testSale -->
  <testcase classname="testcases.TC_WarDeployment" name="testSale" time="0.000">
    <skipped/>
  </testcase> <!-- testSale -->
  <testcase classname="testcases.TC_WarDeployment" name="testSale" time="0.000">
    <skipped/>
  </testcase> <!-- testSale -->
  <testcase classname="testcases.TC_WarDeployment" name="testSale" time="0.001">
    <skipped/>
  </testcase> <!-- testSale -->
  <testcase classname="testcases.TC_WarDeployment" name="testSale" time="0.000">
    <skipped/>
  </testcase> <!-- testSale -->
  <testcase classname="testcases.TC_WarDeployment" name="testSale" time="0.000">
    <skipped/>
  </testcase> <!-- testSale -->
  <testcase classname="testcases.TC_WarDeployment" name="testSale" time="0.000">
    <skipped/>
  </testcase> <!-- testSale -->
  <testcase classname="testcases.TC_WarDeployment" name="testSale" time="0.000">
    <skipped/>
  </testcase> <!-- testSale -->
  <testcase classname="testcases.TC_WarDeployment" name="testSale" time="0.000">
    <skipped/>
  </testcase> <!-- testSale -->
  <testcase classname="testcases.TC_WarDeployment" name="testSale" time="0.000">
    <skipped/>
  </testcase> <!-- testSale -->
  <testcase classname="testcases.TC_WarDeployment" name="testSale" time="0.000">
    <skipped/>
  </testcase> <!-- testSale -->
  <testcase classname="testcases.TC_WarDeployment" name="testSale" time="0.000">
    <skipped/>
  </testcase> <!-- testSale -->
  <testcase classname="testcases.TC_WarDeployment" name="testSale" time="0.000">
    <skipped/>
  </testcase> <!-- testSale -->
  <testcase classname="testcases.TC_WarDeployment" name="testSale" time="0.000">
    <skipped/>
  </testcase> <!-- testSale -->
  <testcase classname="testcases.TC_WarDeployment" name="testSale" time="1.342"/>
  <testcase classname="testcases.TC_WarDeployment" name="testSale" time="0.000">
    <skipped/>
  </testcase> <!-- testSale -->
  <testcase classname="testcases.TC_WarDeployment" name="testSale" time="0.000">
    <skipped/>
  </testcase> <!-- testSale -->
  <testcase classname="testcases.TC_WarDeployment" name="testSale" time="0.000">
    <skipped/>
  </testcase> <!-- testSale -->
  <testcase classname="testcases.TC_WarDeployment" name="testSale" time="0.000">
    <skipped/>
  </testcase> <!-- testSale -->
  <testcase classname="testcases.TC_WarDeployment" name="testSale" time="0.001">
    <skipped/>
  </testcase> <!-- testSale -->
  <testcase classname="testcases.TC_WarDeployment" name="testSale" time="0.000">
    <skipped/>
  </testcase> <!-- testSale -->
  <testcase classname="testcases.TC_WarDeployment" name="testSale" time="0.000">
    <skipped/>
  </testcase> <!-- testSale -->
  <testcase classname="testcases.TC_WarDeployment" name="testSale" time="0.000">
    <skipped/>
  </testcase> <!-- testSale -->
  <testcase classname="testcases.TC_WarDeployment" name="testSale" time="0.000">
    <skipped/>
  </testcase> <!-- testSale -->
  <testcase classname="testcases.TC_WarDeployment" name="testSale" time="0.000">
    <skipped/>
  </testcase> <!-- testSale -->
</testsuite> <!-- testcases.TC_WarDeployment -->
