<?xml version="1.0" encoding="UTF-8"?>
<!-- Generated by org.testng.reporters.JUnitReportReporter -->
<testsuite hostname="gkillare-win87" failures="0" tests="2" name="testcases.TC_US_VoidOfSale" time="38.141" errors="0" timestamp="2024-06-21T19:46:34 IST" skipped="0">
  <testcase classname="testcases.TC_US_VoidOfSale" name="TestCard01" time="15.237"/>
  <testcase classname="testcases.TC_US_VoidOfSale" name="TestCard01" time="22.904"/>
</testsuite> <!-- testcases.TC_US_VoidOfSale -->
