<?xml version="1.0" encoding="UTF-8"?>
<!-- Generated by org.testng.reporters.JUnitReportReporter -->
<testsuite hostname="gkillare-win87" failures="0" tests="3" name="testcases.TC_SandBox" time="92.448" errors="0" timestamp="2024-04-15T08:48:29 GMT-04:00" skipped="0">
  <testcase classname="testcases.TC_SandBox" name="testSetOfTransactions" time="30.776"/>
  <testcase classname="testcases.TC_SandBox" name="testVoidOfSale" time="31.669"/>
  <testcase classname="testcases.TC_SandBox" name="testVoidOfRefundWithoutSale" time="30.003"/>
</testsuite> <!-- testcases.TC_SandBox -->
