<?xml version="1.0" encoding="UTF-8"?>
<!-- Generated by org.testng.reporters.JUnitReportReporter -->
<testsuite hostname="gkillare-win87" failures="0" tests="3" name="testcases.TC_US_VoidOfRefundWithoutSale" time="26.901" errors="1" timestamp="2024-09-26T18:45:45 IST" skipped="2">
  <testcase classname="testcases.TC_US_VoidOfRefundWithoutSale" name="TestCard01" time="0.000">
    <skipped/>
  </testcase> <!-- TestCard01 -->
  <testcase classname="testcases.TC_US_VoidOfRefundWithoutSale" name="ticketDisplay" time="26.901">
    <error message="Connection reset" type="java.net.SocketException">
      <![CDATA[java.net.SocketException: Connection reset
at java.base/sun.nio.ch.NioSocketImpl.implRead(NioSocketImpl.java:328)
at java.base/sun.nio.ch.NioSocketImpl.read(NioSocketImpl.java:355)
at java.base/sun.nio.ch.NioSocketImpl$1.read(NioSocketImpl.java:808)
at java.base/java.net.Socket$SocketInputStream.read(Socket.java:966)
at java.base/sun.nio.cs.StreamDecoder.readBytes(StreamDecoder.java:270)
at java.base/sun.nio.cs.StreamDecoder.implRead(StreamDecoder.java:313)
at java.base/sun.nio.cs.StreamDecoder.read(StreamDecoder.java:188)
at java.base/java.io.InputStreamReader.read(InputStreamReader.java:177)
at java.base/java.io.BufferedReader.fill(BufferedReader.java:162)
at java.base/java.io.BufferedReader.readLine(BufferedReader.java:329)
at java.base/java.io.BufferedReader.readLine(BufferedReader.java:396)
at base.BaseClass.receiveResponseFromAESDK(BaseClass.java:103)
at base.BaseClass.ticketDisplay(BaseClass.java:144)
at java.base/jdk.internal.reflect.NativeMethodAccessorImpl.invoke0(Native Method)
at java.base/jdk.internal.reflect.NativeMethodAccessorImpl.invoke(NativeMethodAccessorImpl.java:77)
at java.base/jdk.internal.reflect.DelegatingMethodAccessorImpl.invoke(DelegatingMethodAccessorImpl.java:43)
at java.base/java.lang.reflect.Method.invoke(Method.java:568)
at org.testng.internal.invokers.MethodInvocationHelper.invokeMethod(MethodInvocationHelper.java:139)
at org.testng.internal.invokers.MethodInvocationHelper.invokeMethodConsideringTimeout(MethodInvocationHelper.java:69)
at org.testng.internal.invokers.ConfigInvoker.invokeConfigurationMethod(ConfigInvoker.java:393)
at org.testng.internal.invokers.ConfigInvoker.invokeConfigurations(ConfigInvoker.java:326)
at org.testng.internal.invokers.TestInvoker.runConfigMethods(TestInvoker.java:810)
at org.testng.internal.invokers.TestInvoker.invokeMethod(TestInvoker.java:578)
at org.testng.internal.invokers.TestInvoker.invokeTestMethod(TestInvoker.java:228)
at org.testng.internal.invokers.MethodRunner.runInSequence(MethodRunner.java:63)
at org.testng.internal.invokers.TestInvoker$MethodInvocationAgent.invoke(TestInvoker.java:961)
at org.testng.internal.invokers.TestInvoker.invokeTestMethods(TestInvoker.java:201)
at org.testng.internal.invokers.TestMethodWorker.invokeTestMethods(TestMethodWorker.java:148)
at org.testng.internal.invokers.TestMethodWorker.run(TestMethodWorker.java:128)
at java.base/java.util.ArrayList.forEach(ArrayList.java:1511)
at org.testng.TestRunner.privateRun(TestRunner.java:819)
at org.testng.TestRunner.run(TestRunner.java:619)
at org.testng.SuiteRunner.runTest(SuiteRunner.java:443)
at org.testng.SuiteRunner.runSequentially(SuiteRunner.java:437)
at org.testng.SuiteRunner.privateRun(SuiteRunner.java:397)
at org.testng.SuiteRunner.run(SuiteRunner.java:336)
at org.testng.SuiteRunnerWorker.runSuite(SuiteRunnerWorker.java:52)
at org.testng.SuiteRunnerWorker.run(SuiteRunnerWorker.java:95)
at org.testng.TestNG.runSuitesSequentially(TestNG.java:1301)
at org.testng.TestNG.runSuitesLocally(TestNG.java:1228)
at org.testng.TestNG.runSuites(TestNG.java:1134)
at org.testng.TestNG.run(TestNG.java:1101)
at org.testng.remote.AbstractRemoteTestNG.run(AbstractRemoteTestNG.java:115)
at org.testng.remote.RemoteTestNG.initAndRun(RemoteTestNG.java:251)
at org.testng.remote.RemoteTestNG.main(RemoteTestNG.java:77)
]]>
    </error>
  </testcase> <!-- ticketDisplay -->
  <testcase classname="testcases.TC_US_VoidOfRefundWithoutSale" name="TestCard01" time="0.000">
    <skipped/>
  </testcase> <!-- TestCard01 -->
</testsuite> <!-- testcases.TC_US_VoidOfRefundWithoutSale -->
