<?xml version="1.0" encoding="UTF-8"?>
<!-- Generated by org.testng.reporters.JUnitReportReporter -->
<testsuite hostname="gkillare-win87" failures="0" tests="12" name="testcases.TC_TestCases" time="453.403" errors="0" timestamp="2024-05-30T17:02:52 IST" skipped="0">
  <testcase classname="testcases.TC_TestCases" name="testRefundOfSale" time="37.650"/>
  <testcase classname="testcases.TC_TestCases" name="testRefundOfSale" time="33.610"/>
  <testcase classname="testcases.TC_TestCases" name="testVoidOfRefundWithoutSale" time="30.528"/>
  <testcase classname="testcases.TC_TestCases" name="testVoidOfRefundWithoutSale" time="31.358"/>
  <testcase classname="testcases.TC_TestCases" name="testRefundOfSale" time="37.667"/>
  <testcase classname="testcases.TC_TestCases" name="testVoidOfRefundWithoutSale" time="22.520"/>
  <testcase classname="testcases.TC_TestCases" name="testVoidOfSale" time="49.605"/>
  <testcase classname="testcases.TC_TestCases" name="testVoidOfSale" time="39.404"/>
  <testcase classname="testcases.TC_TestCases" name="testVoidOfSale" time="44.807"/>
  <testcase classname="testcases.TC_TestCases" name="testRefundOfSale" time="40.935"/>
  <testcase classname="testcases.TC_TestCases" name="testVoidOfRefundWithoutSale" time="41.541"/>
  <testcase classname="testcases.TC_TestCases" name="testVoidOfSale" time="43.778"/>
</testsuite> <!-- testcases.TC_TestCases -->
