<?xml version="1.0" encoding="UTF-8"?>
<!-- Generated by org.testng.reporters.JUnitReportReporter -->
<testsuite hostname="gkillare-win87" failures="0" tests="1" name="testcases.TC_TestCases" time="31.016" errors="0" timestamp="2024-06-18T17:53:36 IST" skipped="0">
  <testcase classname="testcases.TC_TestCases" name="testVoidOfSale" time="31.016"/>
</testsuite> <!-- testcases.TC_TestCases -->
