<?xml version="1.0" encoding="UTF-8"?>
<!-- Generated by org.testng.reporters.JUnitReportReporter -->
<testsuite hostname="gkillare-win87" failures="0" tests="1" name="javapractice.Demo" time="0.007" errors="0" timestamp="2024-06-18T17:19:36 IST" skipped="0">
  <testcase classname="javapractice.Demo" name="demor" time="0.007"/>
</testsuite> <!-- javapractice.Demo -->
