<?xml version="1.0" encoding="UTF-8"?>
<!-- Generated by org.testng.reporters.JUnitReportReporter -->
<testsuite hostname="gkillare-win87" failures="0" tests="30" name="testcases.Demo" time="1036.399" errors="0" timestamp="2024-03-29T16:52:35 IST" skipped="0">
  <testcase classname="testcases.Demo" name="test" time="35.146"/>
  <testcase classname="testcases.Demo" name="test" time="29.230"/>
  <testcase classname="testcases.Demo" name="test" time="35.628"/>
  <testcase classname="testcases.Demo" name="test" time="26.942"/>
  <testcase classname="testcases.Demo" name="test" time="30.389"/>
  <testcase classname="testcases.Demo" name="test" time="31.654"/>
  <testcase classname="testcases.Demo" name="test" time="27.463"/>
  <testcase classname="testcases.Demo" name="test" time="35.454"/>
  <testcase classname="testcases.Demo" name="test" time="35.206"/>
  <testcase classname="testcases.Demo" name="test" time="59.762"/>
  <testcase classname="testcases.Demo" name="test" time="33.901"/>
  <testcase classname="testcases.Demo" name="test" time="32.990"/>
  <testcase classname="testcases.Demo" name="test" time="31.567"/>
  <testcase classname="testcases.Demo" name="test" time="30.074"/>
  <testcase classname="testcases.Demo" name="test" time="44.343"/>
  <testcase classname="testcases.Demo" name="test" time="42.292"/>
  <testcase classname="testcases.Demo" name="test" time="27.652"/>
  <testcase classname="testcases.Demo" name="test" time="28.059"/>
  <testcase classname="testcases.Demo" name="test" time="26.732"/>
  <testcase classname="testcases.Demo" name="test" time="32.277"/>
  <testcase classname="testcases.Demo" name="test" time="32.429"/>
  <testcase classname="testcases.Demo" name="test" time="65.049"/>
  <testcase classname="testcases.Demo" name="test" time="18.172"/>
  <testcase classname="testcases.Demo" name="test" time="32.897"/>
  <testcase classname="testcases.Demo" name="test" time="27.062"/>
  <testcase classname="testcases.Demo" name="test" time="46.412"/>
  <testcase classname="testcases.Demo" name="test" time="32.870"/>
  <testcase classname="testcases.Demo" name="test" time="27.191"/>
  <testcase classname="testcases.Demo" name="test" time="30.014"/>
  <testcase classname="testcases.Demo" name="test" time="47.542"/>
</testsuite> <!-- testcases.Demo -->
