<?xml version="1.0" encoding="UTF-8"?>
<!-- Generated by org.testng.reporters.JUnitReportReporter -->
<testsuite hostname="gkillare-win87" failures="1" tests="70" name="testcases.TC_WarDeployment" time="1338.478" errors="0" timestamp="2024-06-17T15:37:53 IST" skipped="0">
  <testcase classname="testcases.TC_WarDeployment" name="testSale" time="19.660"/>
  <testcase classname="testcases.TC_WarDeployment" name="testSale" time="19.507"/>
  <testcase classname="testcases.TC_WarDeployment" name="testSale" time="26.719"/>
  <testcase classname="testcases.TC_WarDeployment" name="testSale" time="29.812"/>
  <testcase classname="testcases.TC_WarDeployment" name="testSale" time="26.133"/>
  <testcase classname="testcases.TC_WarDeployment" name="testSale" time="25.528"/>
  <testcase classname="testcases.TC_WarDeployment" name="testSale" time="22.738"/>
  <testcase classname="testcases.TC_WarDeployment" name="testSale" time="28.219"/>
  <testcase classname="testcases.TC_WarDeployment" name="testSale" time="18.729"/>
  <testcase classname="testcases.TC_WarDeployment" name="testSale" time="36.591"/>
  <testcase classname="testcases.TC_WarDeployment" name="testSale" time="26.527"/>
  <testcase classname="testcases.TC_WarDeployment" name="testSale" time="24.986"/>
  <testcase classname="testcases.TC_WarDeployment" name="testSale" time="42.801"/>
  <testcase classname="testcases.TC_WarDeployment" name="testSale" time="26.632"/>
  <testcase classname="testcases.TC_WarDeployment" name="testSale" time="20.740"/>
  <testcase classname="testcases.TC_WarDeployment" name="testSale" time="24.602"/>
  <testcase classname="testcases.TC_WarDeployment" name="testSale" time="26.163"/>
  <testcase classname="testcases.TC_WarDeployment" name="testSale" time="27.252"/>
  <testcase classname="testcases.TC_WarDeployment" name="testSale" time="28.244"/>
  <testcase classname="testcases.TC_WarDeployment" name="testSale" time="23.756"/>
  <testcase classname="testcases.TC_WarDeployment" name="testSale" time="41.868"/>
  <testcase classname="testcases.TC_WarDeployment" name="testSale" time="28.238"/>
  <testcase classname="testcases.TC_WarDeployment" name="testSale" time="27.677"/>
  <testcase classname="testcases.TC_WarDeployment" name="testSale" time="20.702"/>
  <testcase classname="testcases.TC_WarDeployment" name="testSale" time="45.188">
    <failure message="expected [Received Timed Out] but found [APPROVAL]" type="java.lang.AssertionError">
      <![CDATA[java.lang.AssertionError: expected [Received Timed Out] but found [APPROVAL]
at org.testng.Assert.fail(Assert.java:111)
at org.testng.Assert.failNotEquals(Assert.java:1578)
at org.testng.Assert.assertEqualsImpl(Assert.java:150)
at org.testng.Assert.assertEquals(Assert.java:132)
at org.testng.Assert.assertEquals(Assert.java:656)
at org.testng.Assert.assertEquals(Assert.java:666)
at testcases.TC_WarDeployment.testSale(TC_WarDeployment.java:87)
at jdk.internal.reflect.GeneratedMethodAccessor3.invoke(Unknown Source)
at java.base/jdk.internal.reflect.DelegatingMethodAccessorImpl.invoke(DelegatingMethodAccessorImpl.java:43)
at java.base/java.lang.reflect.Method.invoke(Method.java:568)
at org.testng.internal.invokers.MethodInvocationHelper.invokeMethod(MethodInvocationHelper.java:139)
at org.testng.internal.invokers.TestInvoker.invokeMethod(TestInvoker.java:664)
at org.testng.internal.invokers.TestInvoker.invokeTestMethod(TestInvoker.java:228)
at org.testng.internal.invokers.MethodRunner.runInSequence(MethodRunner.java:63)
at org.testng.internal.invokers.TestInvoker$MethodInvocationAgent.invoke(TestInvoker.java:961)
at org.testng.internal.invokers.TestInvoker.invokeTestMethods(TestInvoker.java:201)
at org.testng.internal.invokers.TestMethodWorker.invokeTestMethods(TestMethodWorker.java:148)
at org.testng.internal.invokers.TestMethodWorker.run(TestMethodWorker.java:128)
at java.base/java.util.ArrayList.forEach(ArrayList.java:1511)
at org.testng.TestRunner.privateRun(TestRunner.java:819)
at org.testng.TestRunner.run(TestRunner.java:619)
at org.testng.SuiteRunner.runTest(SuiteRunner.java:443)
at org.testng.SuiteRunner.runSequentially(SuiteRunner.java:437)
at org.testng.SuiteRunner.privateRun(SuiteRunner.java:397)
at org.testng.SuiteRunner.run(SuiteRunner.java:336)
at org.testng.SuiteRunnerWorker.runSuite(SuiteRunnerWorker.java:52)
at org.testng.SuiteRunnerWorker.run(SuiteRunnerWorker.java:95)
at org.testng.TestNG.runSuitesSequentially(TestNG.java:1301)
at org.testng.TestNG.runSuitesLocally(TestNG.java:1228)
at org.testng.TestNG.runSuites(TestNG.java:1134)
at org.testng.TestNG.run(TestNG.java:1101)
at org.testng.remote.AbstractRemoteTestNG.run(AbstractRemoteTestNG.java:115)
at org.testng.remote.RemoteTestNG.initAndRun(RemoteTestNG.java:251)
at org.testng.remote.RemoteTestNG.main(RemoteTestNG.java:77)
]]>
    </failure>
  </testcase> <!-- testSale -->
  <testcase classname="testcases.TC_WarDeployment" name="testSale" time="11.722"/>
  <testcase classname="testcases.TC_WarDeployment" name="testSale" time="23.613"/>
  <testcase classname="testcases.TC_WarDeployment" name="testSale" time="27.095"/>
  <testcase classname="testcases.TC_WarDeployment" name="testSale" time="28.081"/>
  <testcase classname="testcases.TC_WarDeployment" name="testSale" time="31.189"/>
  <testcase classname="testcases.TC_WarDeployment" name="testSale" time="25.057"/>
  <testcase classname="testcases.TC_WarDeployment" name="testSale" time="22.897"/>
  <testcase classname="testcases.TC_WarDeployment" name="testSale" time="22.019"/>
  <testcase classname="testcases.TC_WarDeployment" name="testSale" time="18.221"/>
  <testcase classname="testcases.TC_WarDeployment" name="testSale" time="19.792"/>
  <testcase classname="testcases.TC_WarDeployment" name="testSale" time="18.926"/>
  <testcase classname="testcases.TC_WarDeployment" name="testAllVoidTransactions" time="11.504"/>
  <testcase classname="testcases.TC_WarDeployment" name="testAllVoidTransactions" time="12.924"/>
  <testcase classname="testcases.TC_WarDeployment" name="testAllVoidTransactions" time="11.987"/>
  <testcase classname="testcases.TC_WarDeployment" name="testAllVoidTransactions" time="11.720"/>
  <testcase classname="testcases.TC_WarDeployment" name="testAllVoidTransactions" time="11.586"/>
  <testcase classname="testcases.TC_WarDeployment" name="testAllVoidTransactions" time="13.605"/>
  <testcase classname="testcases.TC_WarDeployment" name="testAllVoidTransactions" time="11.985"/>
  <testcase classname="testcases.TC_WarDeployment" name="testAllVoidTransactions" time="12.433"/>
  <testcase classname="testcases.TC_WarDeployment" name="testAllVoidTransactions" time="11.851"/>
  <testcase classname="testcases.TC_WarDeployment" name="testAllVoidTransactions" time="11.783"/>
  <testcase classname="testcases.TC_WarDeployment" name="testAllVoidTransactions" time="11.434"/>
  <testcase classname="testcases.TC_WarDeployment" name="testAllVoidTransactions" time="11.518"/>
  <testcase classname="testcases.TC_WarDeployment" name="testAllVoidTransactions" time="13.237"/>
  <testcase classname="testcases.TC_WarDeployment" name="testAllVoidTransactions" time="12.723"/>
  <testcase classname="testcases.TC_WarDeployment" name="testAllVoidTransactions" time="12.295"/>
  <testcase classname="testcases.TC_WarDeployment" name="testAllVoidTransactions" time="11.669"/>
  <testcase classname="testcases.TC_WarDeployment" name="testAllVoidTransactions" time="11.068"/>
  <testcase classname="testcases.TC_WarDeployment" name="testAllVoidTransactions" time="11.337"/>
  <testcase classname="testcases.TC_WarDeployment" name="testAllVoidTransactions" time="11.711"/>
  <testcase classname="testcases.TC_WarDeployment" name="testAllVoidTransactions" time="12.702"/>
  <testcase classname="testcases.TC_WarDeployment" name="testAllVoidTransactions" time="11.578"/>
  <testcase classname="testcases.TC_WarDeployment" name="testAllVoidTransactions" time="11.678"/>
  <testcase classname="testcases.TC_WarDeployment" name="testAllVoidTransactions" time="11.634"/>
  <testcase classname="testcases.TC_WarDeployment" name="testAllVoidTransactions" time="11.570"/>
  <testcase classname="testcases.TC_WarDeployment" name="testAllVoidTransactions" time="7.127"/>
  <testcase classname="testcases.TC_WarDeployment" name="testAllVoidTransactions" time="11.615"/>
  <testcase classname="testcases.TC_WarDeployment" name="testAllVoidTransactions" time="11.350"/>
  <testcase classname="testcases.TC_WarDeployment" name="testAllVoidTransactions" time="11.628"/>
  <testcase classname="testcases.TC_WarDeployment" name="testAllVoidTransactions" time="11.986"/>
  <testcase classname="testcases.TC_WarDeployment" name="testAllVoidTransactions" time="11.978"/>
  <testcase classname="testcases.TC_WarDeployment" name="testAllVoidTransactions" time="11.565"/>
  <testcase classname="testcases.TC_WarDeployment" name="testAllVoidTransactions" time="11.700"/>
  <testcase classname="testcases.TC_WarDeployment" name="testAllVoidTransactions" time="12.864"/>
  <testcase classname="testcases.TC_WarDeployment" name="testAllVoidTransactions" time="11.509"/>
</testsuite> <!-- testcases.TC_WarDeployment -->
