<?xml version="1.0" encoding="UTF-8"?>
<!-- Generated by org.testng.reporters.JUnitReportReporter -->
<testsuite hostname="gkillare-win87" failures="0" tests="4" name="testcases.TimeSubtraction" time="0.020" errors="0" timestamp="2024-04-23T11:47:05 IST" skipped="0">
  <testcase classname="testcases.TimeSubtraction" name="calculateTime" time="0.002"/>
  <testcase classname="testcases.TimeSubtraction" name="calculateTime" time="0.015"/>
  <testcase classname="testcases.TimeSubtraction" name="calculateTime" time="0.002"/>
  <testcase classname="testcases.TimeSubtraction" name="calculateTime" time="0.001"/>
</testsuite> <!-- testcases.TimeSubtraction -->
