<?xml version="1.0" encoding="UTF-8"?>
<!-- Generated by org.testng.reporters.JUnitReportReporter -->
<testsuite hostname="gkillare-win87" failures="0" tests="1" name="testcases.TC_US_VoidOfSale" time="34.988" errors="0" timestamp="2024-06-18T18:29:44 IST" skipped="0">
  <testcase classname="testcases.TC_US_VoidOfSale" name="TestCard21" time="34.988"/>
</testsuite> <!-- testcases.TC_US_VoidOfSale -->
