<?xml version="1.0" encoding="UTF-8"?>
<!-- Generated by org.testng.reporters.JUnitReportReporter -->
<testsuite hostname="gkillare-win87" failures="0" tests="61" name="testcases.TC_TestCases" time="2.225" errors="1" timestamp="2024-04-08T19:54:03 IST" skipped="60">
  <testcase classname="testcases.TC_TestCases" name="testRefundOfSale" time="0.000">
    <skipped/>
  </testcase> <!-- testRefundOfSale -->
  <testcase classname="testcases.TC_TestCases" name="testRefundOfSale" time="0.000">
    <skipped/>
  </testcase> <!-- testRefundOfSale -->
  <testcase classname="testcases.TC_TestCases" name="testRefundOfSale" time="0.000">
    <skipped/>
  </testcase> <!-- testRefundOfSale -->
  <testcase classname="testcases.TC_TestCases" name="testRefundOfSale" time="0.000">
    <skipped/>
  </testcase> <!-- testRefundOfSale -->
  <testcase classname="testcases.TC_TestCases" name="testRefundOfSale" time="0.000">
    <skipped/>
  </testcase> <!-- testRefundOfSale -->
  <testcase classname="testcases.TC_TestCases" name="testRefundOfSale" time="0.000">
    <skipped/>
  </testcase> <!-- testRefundOfSale -->
  <testcase classname="testcases.TC_TestCases" name="testRefundOfSale" time="0.000">
    <skipped/>
  </testcase> <!-- testRefundOfSale -->
  <testcase classname="testcases.TC_TestCases" name="testRefundOfSale" time="0.000">
    <skipped/>
  </testcase> <!-- testRefundOfSale -->
  <testcase classname="testcases.TC_TestCases" name="testRefundOfSale" time="0.001">
    <skipped/>
  </testcase> <!-- testRefundOfSale -->
  <testcase classname="testcases.TC_TestCases" name="testRefundOfSale" time="0.000">
    <skipped/>
  </testcase> <!-- testRefundOfSale -->
  <testcase classname="testcases.TC_TestCases" name="testRefundOfSale" time="0.000">
    <skipped/>
  </testcase> <!-- testRefundOfSale -->
  <testcase classname="testcases.TC_TestCases" name="testRefundOfSale" time="0.000">
    <skipped/>
  </testcase> <!-- testRefundOfSale -->
  <testcase classname="testcases.TC_TestCases" name="testRefundOfSale" time="0.000">
    <skipped/>
  </testcase> <!-- testRefundOfSale -->
  <testcase classname="testcases.TC_TestCases" name="testRefundOfSale" time="0.000">
    <skipped/>
  </testcase> <!-- testRefundOfSale -->
  <testcase classname="testcases.TC_TestCases" name="testRefundOfSale" time="0.000">
    <skipped/>
  </testcase> <!-- testRefundOfSale -->
  <testcase classname="testcases.TC_TestCases" name="testRefundOfSale" time="0.000">
    <skipped/>
  </testcase> <!-- testRefundOfSale -->
  <testcase classname="testcases.TC_TestCases" name="testRefundOfSale" time="0.000">
    <skipped/>
  </testcase> <!-- testRefundOfSale -->
  <testcase classname="testcases.TC_TestCases" name="testRefundOfSale" time="0.000">
    <skipped/>
  </testcase> <!-- testRefundOfSale -->
  <testcase classname="testcases.TC_TestCases" name="testRefundOfSale" time="0.001">
    <skipped/>
  </testcase> <!-- testRefundOfSale -->
  <testcase classname="testcases.TC_TestCases" name="testRefundOfSale" time="0.000">
    <skipped/>
  </testcase> <!-- testRefundOfSale -->
  <testcase classname="testcases.TC_TestCases" name="testRefundOfSale" time="0.000">
    <skipped/>
  </testcase> <!-- testRefundOfSale -->
  <testcase classname="testcases.TC_TestCases" name="testRefundOfSale" time="0.000">
    <skipped/>
  </testcase> <!-- testRefundOfSale -->
  <testcase classname="testcases.TC_TestCases" name="testRefundOfSale" time="0.000">
    <skipped/>
  </testcase> <!-- testRefundOfSale -->
  <testcase classname="testcases.TC_TestCases" name="testRefundOfSale" time="0.000">
    <skipped/>
  </testcase> <!-- testRefundOfSale -->
  <testcase classname="testcases.TC_TestCases" name="testRefundOfSale" time="0.000">
    <skipped/>
  </testcase> <!-- testRefundOfSale -->
  <testcase classname="testcases.TC_TestCases" name="testRefundOfSale" time="0.000">
    <skipped/>
  </testcase> <!-- testRefundOfSale -->
  <testcase classname="testcases.TC_TestCases" name="testRefundOfSale" time="0.000">
    <skipped/>
  </testcase> <!-- testRefundOfSale -->
  <testcase classname="testcases.TC_TestCases" name="testRefundOfSale" time="0.001">
    <skipped/>
  </testcase> <!-- testRefundOfSale -->
  <testcase classname="testcases.TC_TestCases" name="testRefundOfSale" time="0.000">
    <skipped/>
  </testcase> <!-- testRefundOfSale -->
  <testcase classname="testcases.TC_TestCases" name="testRefundOfSale" time="0.000">
    <skipped/>
  </testcase> <!-- testRefundOfSale -->
  <testcase classname="testcases.TC_TestCases" name="testRefundOfSale" time="0.000">
    <skipped/>
  </testcase> <!-- testRefundOfSale -->
  <testcase classname="testcases.TC_TestCases" name="testRefundOfSale" time="0.000">
    <skipped/>
  </testcase> <!-- testRefundOfSale -->
  <testcase classname="testcases.TC_TestCases" name="testRefundOfSale" time="0.000">
    <skipped/>
  </testcase> <!-- testRefundOfSale -->
  <testcase classname="testcases.TC_TestCases" name="testRefundOfSale" time="0.000">
    <skipped/>
  </testcase> <!-- testRefundOfSale -->
  <testcase classname="testcases.TC_TestCases" name="testRefundOfSale" time="0.000">
    <skipped/>
  </testcase> <!-- testRefundOfSale -->
  <testcase classname="testcases.TC_TestCases" name="testRefundOfSale" time="0.000">
    <skipped/>
  </testcase> <!-- testRefundOfSale -->
  <testcase classname="testcases.TC_TestCases" name="testRefundOfSale" time="0.000">
    <skipped/>
  </testcase> <!-- testRefundOfSale -->
  <testcase classname="testcases.TC_TestCases" name="testRefundOfSale" time="0.000">
    <skipped/>
  </testcase> <!-- testRefundOfSale -->
  <testcase classname="testcases.TC_TestCases" name="testRefundOfSale" time="0.000">
    <skipped/>
  </testcase> <!-- testRefundOfSale -->
  <testcase classname="testcases.TC_TestCases" name="ticketDisplayAndGetCardBin" time="2.222">
    <error message="Connection refused: connect" type="java.net.ConnectException">
      <![CDATA[java.net.ConnectException: Connection refused: connect
at java.base/sun.nio.ch.Net.connect0(Native Method)
at java.base/sun.nio.ch.Net.connect(Net.java:579)
at java.base/sun.nio.ch.Net.connect(Net.java:568)
at java.base/sun.nio.ch.NioSocketImpl.connect(NioSocketImpl.java:593)
at java.base/java.net.SocksSocketImpl.connect(SocksSocketImpl.java:327)
at java.base/java.net.Socket.connect(Socket.java:633)
at java.base/java.net.Socket.connect(Socket.java:583)
at java.base/java.net.Socket.<init>(Socket.java:507)
at java.base/java.net.Socket.<init>(Socket.java:287)
at base.BaseClass.sendRequestToAESDK(BaseClass.java:71)
at testcases.TC_TestCases.ticketDisplayAndGetCardBin(TC_TestCases.java:33)
at java.base/jdk.internal.reflect.NativeMethodAccessorImpl.invoke0(Native Method)
at java.base/jdk.internal.reflect.NativeMethodAccessorImpl.invoke(NativeMethodAccessorImpl.java:77)
at java.base/jdk.internal.reflect.DelegatingMethodAccessorImpl.invoke(DelegatingMethodAccessorImpl.java:43)
at java.base/java.lang.reflect.Method.invoke(Method.java:568)
at org.testng.internal.invokers.MethodInvocationHelper.invokeMethod(MethodInvocationHelper.java:139)
at org.testng.internal.invokers.MethodInvocationHelper.invokeMethodConsideringTimeout(MethodInvocationHelper.java:69)
at org.testng.internal.invokers.ConfigInvoker.invokeConfigurationMethod(ConfigInvoker.java:393)
at org.testng.internal.invokers.ConfigInvoker.invokeConfigurations(ConfigInvoker.java:326)
at org.testng.internal.invokers.TestInvoker.runConfigMethods(TestInvoker.java:810)
at org.testng.internal.invokers.TestInvoker.invokeMethod(TestInvoker.java:578)
at org.testng.internal.invokers.TestInvoker.invokeTestMethod(TestInvoker.java:228)
at org.testng.internal.invokers.MethodRunner.runInSequence(MethodRunner.java:63)
at org.testng.internal.invokers.TestInvoker$MethodInvocationAgent.invoke(TestInvoker.java:961)
at org.testng.internal.invokers.TestInvoker.invokeTestMethods(TestInvoker.java:201)
at org.testng.internal.invokers.TestMethodWorker.invokeTestMethods(TestMethodWorker.java:148)
at org.testng.internal.invokers.TestMethodWorker.run(TestMethodWorker.java:128)
at java.base/java.util.ArrayList.forEach(ArrayList.java:1511)
at org.testng.TestRunner.privateRun(TestRunner.java:819)
at org.testng.TestRunner.run(TestRunner.java:619)
at org.testng.SuiteRunner.runTest(SuiteRunner.java:443)
at org.testng.SuiteRunner.runSequentially(SuiteRunner.java:437)
at org.testng.SuiteRunner.privateRun(SuiteRunner.java:397)
at org.testng.SuiteRunner.run(SuiteRunner.java:336)
at org.testng.SuiteRunnerWorker.runSuite(SuiteRunnerWorker.java:52)
at org.testng.SuiteRunnerWorker.run(SuiteRunnerWorker.java:95)
at org.testng.TestNG.runSuitesSequentially(TestNG.java:1301)
at org.testng.TestNG.runSuitesLocally(TestNG.java:1228)
at org.testng.TestNG.runSuites(TestNG.java:1134)
at org.testng.TestNG.run(TestNG.java:1101)
at org.testng.remote.AbstractRemoteTestNG.run(AbstractRemoteTestNG.java:115)
at org.testng.remote.RemoteTestNG.initAndRun(RemoteTestNG.java:251)
at org.testng.remote.RemoteTestNG.main(RemoteTestNG.java:77)
]]>
    </error>
  </testcase> <!-- ticketDisplayAndGetCardBin -->
  <testcase classname="testcases.TC_TestCases" name="testRefundOfSale" time="0.000">
    <skipped/>
  </testcase> <!-- testRefundOfSale -->
  <testcase classname="testcases.TC_TestCases" name="testRefundOfSale" time="0.000">
    <skipped/>
  </testcase> <!-- testRefundOfSale -->
  <testcase classname="testcases.TC_TestCases" name="testRefundOfSale" time="0.000">
    <skipped/>
  </testcase> <!-- testRefundOfSale -->
  <testcase classname="testcases.TC_TestCases" name="testRefundOfSale" time="0.000">
    <skipped/>
  </testcase> <!-- testRefundOfSale -->
  <testcase classname="testcases.TC_TestCases" name="testRefundOfSale" time="0.000">
    <skipped/>
  </testcase> <!-- testRefundOfSale -->
  <testcase classname="testcases.TC_TestCases" name="testRefundOfSale" time="0.000">
    <skipped/>
  </testcase> <!-- testRefundOfSale -->
  <testcase classname="testcases.TC_TestCases" name="testRefundOfSale" time="0.000">
    <skipped/>
  </testcase> <!-- testRefundOfSale -->
  <testcase classname="testcases.TC_TestCases" name="testRefundOfSale" time="0.000">
    <skipped/>
  </testcase> <!-- testRefundOfSale -->
  <testcase classname="testcases.TC_TestCases" name="testRefundOfSale" time="0.000">
    <skipped/>
  </testcase> <!-- testRefundOfSale -->
  <testcase classname="testcases.TC_TestCases" name="testRefundOfSale" time="0.000">
    <skipped/>
  </testcase> <!-- testRefundOfSale -->
  <testcase classname="testcases.TC_TestCases" name="testRefundOfSale" time="0.000">
    <skipped/>
  </testcase> <!-- testRefundOfSale -->
  <testcase classname="testcases.TC_TestCases" name="testRefundOfSale" time="0.000">
    <skipped/>
  </testcase> <!-- testRefundOfSale -->
  <testcase classname="testcases.TC_TestCases" name="testRefundOfSale" time="0.000">
    <skipped/>
  </testcase> <!-- testRefundOfSale -->
  <testcase classname="testcases.TC_TestCases" name="testRefundOfSale" time="0.000">
    <skipped/>
  </testcase> <!-- testRefundOfSale -->
  <testcase classname="testcases.TC_TestCases" name="testRefundOfSale" time="0.000">
    <skipped/>
  </testcase> <!-- testRefundOfSale -->
  <testcase classname="testcases.TC_TestCases" name="testRefundOfSale" time="0.000">
    <skipped/>
  </testcase> <!-- testRefundOfSale -->
  <testcase classname="testcases.TC_TestCases" name="testRefundOfSale" time="0.000">
    <skipped/>
  </testcase> <!-- testRefundOfSale -->
  <testcase classname="testcases.TC_TestCases" name="testRefundOfSale" time="0.000">
    <skipped/>
  </testcase> <!-- testRefundOfSale -->
  <testcase classname="testcases.TC_TestCases" name="testRefundOfSale" time="0.000">
    <skipped/>
  </testcase> <!-- testRefundOfSale -->
  <testcase classname="testcases.TC_TestCases" name="testRefundOfSale" time="0.000">
    <skipped/>
  </testcase> <!-- testRefundOfSale -->
  <testcase classname="testcases.TC_TestCases" name="testRefundOfSale" time="0.000">
    <skipped/>
  </testcase> <!-- testRefundOfSale -->
</testsuite> <!-- testcases.TC_TestCases -->
