<?xml version="1.0" encoding="UTF-8"?>
<!-- Generated by org.testng.reporters.JUnitReportReporter -->
<testsuite hostname="gkillare-win87" failures="0" tests="1" name="utilities.Utils" time="0.011" errors="0" timestamp="2024-03-22T18:00:31 IST" skipped="0">
  <testcase classname="utilities.Utils" name="test" time="0.011"/>
</testsuite> <!-- utilities.Utils -->
