<?xml version="1.0" encoding="UTF-8"?>
<!-- Generated by org.testng.reporters.JUnitReportReporter -->
<testsuite hostname="gkillare-win87" failures="0" tests="24" name="testcases.TC_CAN_VoidOfRefundWithoutSale" time="1363.646" errors="0" timestamp="2024-06-19T16:36:32 IST" skipped="0">
  <testcase classname="testcases.TC_CAN_VoidOfRefundWithoutSale" name="TestCard15" time="62.329"/>
  <testcase classname="testcases.TC_CAN_VoidOfRefundWithoutSale" name="TestCard02" time="64.115"/>
  <testcase classname="testcases.TC_CAN_VoidOfRefundWithoutSale" name="TestCard03" time="55.667"/>
  <testcase classname="testcases.TC_CAN_VoidOfRefundWithoutSale" name="TestCard06" time="60.381"/>
  <testcase classname="testcases.TC_CAN_VoidOfRefundWithoutSale" name="TestCard05" time="63.600"/>
  <testcase classname="testcases.TC_CAN_VoidOfRefundWithoutSale" name="TestCard11" time="67.386"/>
  <testcase classname="testcases.TC_CAN_VoidOfRefundWithoutSale" name="TestCard11" time="48.455"/>
  <testcase classname="testcases.TC_CAN_VoidOfRefundWithoutSale" name="TestCard05" time="56.682"/>
  <testcase classname="testcases.TC_CAN_VoidOfRefundWithoutSale" name="TestCard06" time="39.465"/>
  <testcase classname="testcases.TC_CAN_VoidOfRefundWithoutSale" name="TestCard13" time="44.531"/>
  <testcase classname="testcases.TC_CAN_VoidOfRefundWithoutSale" name="TestCard01" time="78.505"/>
  <testcase classname="testcases.TC_CAN_VoidOfRefundWithoutSale" name="TestCard12" time="40.614"/>
  <testcase classname="testcases.TC_CAN_VoidOfRefundWithoutSale" name="TestCard15" time="56.145"/>
  <testcase classname="testcases.TC_CAN_VoidOfRefundWithoutSale" name="TestCard13" time="64.003"/>
  <testcase classname="testcases.TC_CAN_VoidOfRefundWithoutSale" name="TestCard14" time="69.672"/>
  <testcase classname="testcases.TC_CAN_VoidOfRefundWithoutSale" name="TestCard04" time="60.154"/>
  <testcase classname="testcases.TC_CAN_VoidOfRefundWithoutSale" name="TestCard09" time="74.250"/>
  <testcase classname="testcases.TC_CAN_VoidOfRefundWithoutSale" name="TestCard01" time="48.145"/>
  <testcase classname="testcases.TC_CAN_VoidOfRefundWithoutSale" name="TestCard10" time="47.401"/>
  <testcase classname="testcases.TC_CAN_VoidOfRefundWithoutSale" name="TestCard08" time="58.525"/>
  <testcase classname="testcases.TC_CAN_VoidOfRefundWithoutSale" name="TestCard12" time="58.866"/>
  <testcase classname="testcases.TC_CAN_VoidOfRefundWithoutSale" name="TestCard10" time="60.905"/>
  <testcase classname="testcases.TC_CAN_VoidOfRefundWithoutSale" name="TestCard16" time="59.003"/>
  <testcase classname="testcases.TC_CAN_VoidOfRefundWithoutSale" name="TestCard07" time="24.847"/>
</testsuite> <!-- testcases.TC_CAN_VoidOfRefundWithoutSale -->
