<?xml version="1.0" encoding="UTF-8"?>
<!-- Generated by org.testng.reporters.JUnitReportReporter -->
<testsuite hostname="gkillare-win87" failures="0" tests="1" name="testcases.TC_GiftCard" time="8.428" errors="0" timestamp="2024-05-17T16:52:46 IST" skipped="0">
  <testcase classname="testcases.TC_GiftCard" name="testGiftReload" time="8.428"/>
</testsuite> <!-- testcases.TC_GiftCard -->
