<?xml version="1.0" encoding="UTF-8"?>
<!-- Generated by org.testng.reporters.JUnitReportReporter -->
<testsuite hostname="gkillare-win87" failures="0" tests="29" name="testcases.TC_US_RefundOfSale" time="1181.744" errors="0" timestamp="2024-06-18T16:57:15 IST" skipped="0">
  <testcase classname="testcases.TC_US_RefundOfSale" name="TestCard07" time="24.493"/>
  <testcase classname="testcases.TC_US_RefundOfSale" name="TestCard21" time="59.117"/>
  <testcase classname="testcases.TC_US_RefundOfSale" name="TestCard19" time="53.534"/>
  <testcase classname="testcases.TC_US_RefundOfSale" name="TestCard13" time="42.902"/>
  <testcase classname="testcases.TC_US_RefundOfSale" name="TestCard01" time="36.443"/>
  <testcase classname="testcases.TC_US_RefundOfSale" name="TestCard02" time="30.558"/>
  <testcase classname="testcases.TC_US_RefundOfSale" name="TestCard06" time="42.702"/>
  <testcase classname="testcases.TC_US_RefundOfSale" name="TestCard16" time="41.410"/>
  <testcase classname="testcases.TC_US_RefundOfSale" name="TestCard04" time="44.135"/>
  <testcase classname="testcases.TC_US_RefundOfSale" name="TestCard15" time="50.678"/>
  <testcase classname="testcases.TC_US_RefundOfSale" name="TestCard19" time="58.246"/>
  <testcase classname="testcases.TC_US_RefundOfSale" name="TestCard08" time="41.529"/>
  <testcase classname="testcases.TC_US_RefundOfSale" name="TestCard01" time="46.992"/>
  <testcase classname="testcases.TC_US_RefundOfSale" name="TestCard20" time="36.064"/>
  <testcase classname="testcases.TC_US_RefundOfSale" name="TestCard17" time="36.428"/>
  <testcase classname="testcases.TC_US_RefundOfSale" name="TestCard07" time="26.296"/>
  <testcase classname="testcases.TC_US_RefundOfSale" name="TestCard13" time="33.552"/>
  <testcase classname="testcases.TC_US_RefundOfSale" name="TestCard12" time="28.683"/>
  <testcase classname="testcases.TC_US_RefundOfSale" name="TestCard05" time="45.335"/>
  <testcase classname="testcases.TC_US_RefundOfSale" name="TestCard15" time="40.706"/>
  <testcase classname="testcases.TC_US_RefundOfSale" name="TestCard11" time="21.866"/>
  <testcase classname="testcases.TC_US_RefundOfSale" name="TestCard12" time="39.160"/>
  <testcase classname="testcases.TC_US_RefundOfSale" name="TestCard14" time="38.333"/>
  <testcase classname="testcases.TC_US_RefundOfSale" name="TestCard18" time="38.306"/>
  <testcase classname="testcases.TC_US_RefundOfSale" name="TestCard09" time="32.782"/>
  <testcase classname="testcases.TC_US_RefundOfSale" name="TestCard06" time="30.678"/>
  <testcase classname="testcases.TC_US_RefundOfSale" name="TestCard10" time="71.988"/>
  <testcase classname="testcases.TC_US_RefundOfSale" name="TestCard03" time="32.564"/>
  <testcase classname="testcases.TC_US_RefundOfSale" name="TestCard16" time="56.264"/>
</testsuite> <!-- testcases.TC_US_RefundOfSale -->
