<?xml version="1.0" encoding="UTF-8"?>
<!-- Generated by org.testng.reporters.JUnitReportReporter -->
<testsuite hostname="gkillare-win87" failures="0" tests="2" name="testcases.TC_US_RefundOfSale" time="204.660" errors="0" timestamp="2024-06-19T14:23:56 IST" skipped="0">
  <testcase classname="testcases.TC_US_RefundOfSale" name="TestCard01" time="7.614"/>
  <testcase classname="testcases.TC_US_RefundOfSale" name="TestCard01" time="197.046"/>
</testsuite> <!-- testcases.TC_US_RefundOfSale -->
