<?xml version="1.0" encoding="UTF-8"?>
<!-- Generated by org.testng.reporters.JUnitReportReporter -->
<testsuite hostname="gkillare-win87" failures="0" tests="6" name="testcases.TC_GiftCard" time="222.480" errors="0" timestamp="2024-06-06T16:41:21 IST" skipped="0">
  <testcase classname="testcases.TC_GiftCard" name="testGiftActivation" time="33.750"/>
  <testcase classname="testcases.TC_GiftCard" name="testGiftReload" time="35.549"/>
  <testcase classname="testcases.TC_GiftCard" name="testCheckBalance" time="32.765"/>
  <testcase classname="testcases.TC_GiftCard" name="testGiftRedeem" time="45.431"/>
  <testcase classname="testcases.TC_GiftCard" name="testGiftReturn" time="32.664"/>
  <testcase classname="testcases.TC_GiftCard" name="testGiftCashOut" time="42.321"/>
</testsuite> <!-- testcases.TC_GiftCard -->
