<?xml version="1.0" encoding="UTF-8"?>
<!-- Generated by org.testng.reporters.JUnitReportReporter -->
<testsuite hostname="gkillare-win87" failures="0" tests="1" name="testcases.TC_US_VoidOfRefundWithoutSale" time="30.724" errors="0" timestamp="2024-06-18T18:04:31 IST" skipped="0">
  <testcase classname="testcases.TC_US_VoidOfRefundWithoutSale" name="TestCard21" time="30.724"/>
</testsuite> <!-- testcases.TC_US_VoidOfRefundWithoutSale -->
