<?xml version="1.0" encoding="UTF-8"?>
<!-- Generated by org.testng.reporters.JUnitReportReporter -->
<testsuite hostname="gkillare-win87" failures="0" tests="3" name="testcases.DemoSandBox" time="125.840" errors="0" timestamp="2024-04-15T08:23:50 GMT-04:00" skipped="0">
  <testcase classname="testcases.DemoSandBox" name="testRefundOfSale" time="42.508"/>
  <testcase classname="testcases.DemoSandBox" name="testVoidOfSale" time="30.722"/>
  <testcase classname="testcases.DemoSandBox" name="testVoidOfRefundWithoutSale" time="52.610"/>
</testsuite> <!-- testcases.DemoSandBox -->
