<?xml version="1.0" encoding="UTF-8"?>
<!-- Generated by org.testng.reporters.JUnitReportReporter -->
<testsuite hostname="gkillare-win87" failures="0" tests="1" name="testcases.TC_GiftCard" time="192.779" errors="0" timestamp="2024-04-08T12:59:29 IST" skipped="0">
  <testcase classname="testcases.TC_GiftCard" name="testGiftReturn" time="192.779"/>
</testsuite> <!-- testcases.TC_GiftCard -->
